<?xml version="1.0" encoding="UTF-8"?>
<testsuite xmlns:xsi="http://www.w3.org/2001/XMLSchema-instance" xsi:noNamespaceSchemaLocation="https://maven.apache.org/surefire/maven-surefire-plugin/xsd/surefire-test-report-3.0.xsd" version="3.0" name="com.carent.controller.PageControllerRoutingTest" time="0.146" tests="10" errors="0" skipped="0" failures="0">
  <properties>
[...]
</properties>
  <testcase name="testContactRoute" classname="com.carent.controller.PageControllerRoutingTest" time="0.096"/>
  <testcase name="testTrailingSlashNormalization" classname="com.carent.controller.PageControllerRoutingTest" time="0.006"/>
  <testcase name="testHomeRoute" classname="com.carent.controller.PageControllerRoutingTest" time="0.005"/>
  <testcase name="testAdminRouteNonAdmin" classname="com.carent.controller.PageControllerRoutingTest" time="0.004"/>
  <testcase name="testAdminRouteNoLoggedUser" classname="com.carent.controller.PageControllerRoutingTest" time="0.004"/>
  <testcase name="testAdminRouteNoSession" classname="com.carent.controller.PageControllerRoutingTest" time="0.003"/>
  <testcase name="testProfileRouteNoSession" classname="com.carent.controller.PageControllerRoutingTest" time="0.003"/>
  <testcase name="testRegisterRoute" classname="com.carent.controller.PageControllerRoutingTest" time="0.007"/>
  <testcase name="testAboutRoute" classname="com.carent.controller.PageControllerRoutingTest" time="0.004"/>
  <testcase name="testLoginRoute" classname="com.carent.controller.PageControllerRoutingTest" time="0.004"/>
</testsuite>